05/23/22, 17:48:08, 4, 0, C:\SISTEMAS\TL\SIAC\DATA\S3020D.rpt:Server has not yet been opened.
05/23/22, 17:48:16, 4, 0, C:\SISTEMAS\TL\SIAC\DATA\S3020D.rpt:Server has not yet been opened.
05/23/22, 17:48:18, 4, 0, C:\SISTEMAS\TL\SIAC\DATA\S3020R.rpt:Server has not yet been opened.
05/23/22, 17:49:10, 4, 0, C:\SISTEMAS\TL\SIAC\DATA\S3020R.rpt:Server has not yet been opened.
05/23/22, 17:49:26, 4, 0, C:\SISTEMAS\TL\SIAC\DATA\S3020R.rpt:Server has not yet been opened.
06/03/22, 16:44:46, 4, 0, C:\SISTEMAS\TL\SIAC\DATA\SALIDAS_ASIGNA.RPT:This field name is not known.
06/03/22, 16:44:46, 4, 0, C:\SISTEMAS\TL\SIAC\DATA\SALIDAS_ASIGNA.RPT:This field name is not known.
06/03/22, 16:45:50, 4, 0, C:\SISTEMAS\TL\SIAC\DATA\SALIDAS_ASIGNA.RPT:This field name is not known.
06/03/22, 16:45:50, 4, 0, C:\SISTEMAS\TL\SIAC\DATA\SALIDAS_ASIGNA.RPT:This field name is not known.
06/08/22, 16:20:04, 4, 0, C:\SISTEMAS\TL\SIAC\DATA\SALIDAS_ASIGNA.RPT:This field name is not known.
06/08/22, 16:20:04, 4, 0, C:\SISTEMAS\TL\SIAC\DATA\SALIDAS_ASIGNA.RPT:This field name is not known.
06/09/22, 17:21:57, 4, 0, C:\SISTEMAS\TL\SIAC\DATA\SALIDAS_ASIGNA.RPT:This field name is not known.
06/09/22, 17:21:57, 4, 0, C:\SISTEMAS\TL\SIAC\DATA\SALIDAS_ASIGNA.RPT:This field name is not known.
06/14/22, 15:30:12, 4, 0, C:\SISTEMAS\TL\SIAC\DATA\SALIDAS_ASIGNA.RPT:This field name is not known.
06/14/22, 15:30:12, 4, 0, C:\SISTEMAS\TL\SIAC\DATA\SALIDAS_ASIGNA.RPT:This field name is not known.
10/24/22, 08:32:04, 4, 0, C:\SISTEMAS\TL\SIAC\DATA\S3012C.rpt:Server has not yet been opened.
10/24/22, 08:32:17, 4, 0, C:\SISTEMAS\TL\SIAC\DATA\S3012C.rpt:Server has not yet been opened.
10/24/22, 08:32:46, 4, 0, C:\SISTEMAS\TL\SIAC\DATA\S3012B.rpt:Server has not yet been opened.
10/24/22, 11:04:35, 4, 0, C:\SISTEMAS\TL\SIAC\DATA\S3012A.rpt:Server has not yet been opened.
10/24/22, 11:05:17, 4, 0, C:\SISTEMAS\TL\SIAC\DATA\S3012A.rpt:Server has not yet been opened.
10/24/22, 11:08:05, 4, 0, C:\SISTEMAS\TL\SIAC\DATA\S3012A.rpt:Server has not yet been opened.
10/24/22, 11:12:06, 4, 0, C:\SISTEMAS\TL\SIAC\DATA\S3012A.rpt:Server has not yet been opened.
10/24/22, 11:14:53, 4, 0, C:\SISTEMAS\TL\SIAC\DATA\S3012A.rpt:Server has not yet been opened.
10/24/22, 11:29:08, 4, 0, C:\SISTEMAS\TL\SIAC\DATA\S3012A.rpt:Server has not yet been opened.
10/24/22, 11:29:10, 4, 0, C:\SISTEMAS\TL\SIAC\DATA\S3012A.rpt:Server has not yet been opened.
10/24/22, 11:29:13, 4, 0, C:\SISTEMAS\TL\SIAC\DATA\S3012B.rpt:Server has not yet been opened.
10/24/22, 11:30:56, 4, 0, C:\SISTEMAS\TL\SIAC\DATA\S3012B.rpt:Server has not yet been opened.
10/24/22, 11:33:28, 4, 0, C:\SISTEMAS\TL\SIAC\DATA\S3012B.rpt:Error detected by database DLL.
10/24/22, 11:35:45, 4, 0, C:\SISTEMAS\TL\SIAC\DATA\S3012A.rpt:Error detected by database DLL.
10/24/22, 11:41:31, 4, 0, C:\SISTEMAS\TL\SIAC\DATA\S3012A.rpt:Error detected by database DLL.
10/24/22, 11:47:49, 4, 0, C:\SISTEMAS\TL\SIAC\DATA\S3012A.rpt:Error detected by database DLL.
10/24/22, 11:51:57, 4, 0, C:\SISTEMAS\TL\SIAC\DATA\S3012A.rpt:Error detected by database DLL.
10/24/22, 11:53:10, 4, 0, C:\SISTEMAS\TL\SIAC\DATA\S3012A.rpt:Error detected by database DLL.
10/24/22, 15:24:05, 4, 0, C:\SISTEMAS\TL\SIAC\DATA\S3012A.rpt:Error detected by database DLL.
10/24/22, 15:31:41, 4, 0, C:\SISTEMAS\TL\SIAC\DATA\S3012C.rpt:Error detected by database DLL.
10/24/22, 15:31:56, 4, 0, C:\SISTEMAS\TL\SIAC\DATA\S3012C.rpt:Error detected by database DLL.
10/24/22, 15:32:02, 4, 0, C:\SISTEMAS\TL\SIAC\DATA\S3012B.rpt:Error detected by database DLL.
10/24/22, 15:32:09, 4, 0, C:\SISTEMAS\TL\SIAC\DATA\S3012A.rpt:Error detected by database DLL.
10/24/22, 15:34:02, 4, 0, C:\SISTEMAS\TL\SIAC\DATA\S3012A.rpt:Error detected by database DLL.
10/24/22, 15:34:10, 4, 0, C:\SISTEMAS\TL\SIAC\DATA\S3012A.rpt:Error detected by database DLL.
